{"D:\\React\\sample js code\\Namaste React\\React\\React\\src\\components\\Body.js": {"path":"D:\\React\\sample js code\\Namaste React\\React\\React\\src\\components\\Body.js","statementMap":{"0":{"start":{"line":10,"column":13},"end":{"line":81,"column":1}},"1":{"start":{"line":11,"column":52},"end":{"line":11,"column":64}},"2":{"start":{"line":12,"column":42},"end":{"line":12,"column":54}},"3":{"start":{"line":13,"column":42},"end":{"line":13,"column":54}},"4":{"start":{"line":14,"column":37},"end":{"line":14,"column":60}},"5":{"start":{"line":15,"column":4},"end":{"line":18,"column":5}},"6":{"start":{"line":17,"column":12},"end":{"line":17,"column":23}},"7":{"start":{"line":19,"column":22},"end":{"line":25,"column":5}},"8":{"start":{"line":20,"column":21},"end":{"line":20,"column":172}},"9":{"start":{"line":21,"column":21},"end":{"line":21,"column":38}},"10":{"start":{"line":22,"column":8},"end":{"line":22,"column":25}},"11":{"start":{"line":23,"column":8},"end":{"line":23,"column":97}},"12":{"start":{"line":24,"column":8},"end":{"line":24,"column":92}},"13":{"start":{"line":27,"column":25},"end":{"line":27,"column":42}},"14":{"start":{"line":29,"column":35},"end":{"line":29,"column":54}},"15":{"start":{"line":30,"column":4},"end":{"line":33,"column":9}},"16":{"start":{"line":31,"column":9},"end":{"line":33,"column":9}},"17":{"start":{"line":35,"column":4},"end":{"line":80,"column":5}},"18":{"start":{"line":40,"column":34},"end":{"line":40,"column":64}},"19":{"start":{"line":42,"column":42},"end":{"line":42,"column":139}},"20":{"start":{"line":42,"column":75},"end":{"line":42,"column":138}},"21":{"start":{"line":43,"column":20},"end":{"line":43,"column":49}},"22":{"start":{"line":44,"column":20},"end":{"line":44,"column":46}},"23":{"start":{"line":52,"column":35},"end":{"line":54,"column":17}},"24":{"start":{"line":53,"column":28},"end":{"line":53,"column":50}},"25":{"start":{"line":55,"column":16},"end":{"line":55,"column":42}},"26":{"start":{"line":62,"column":57},"end":{"line":62,"column":84}},"27":{"start":{"line":67,"column":15},"end":{"line":73,"column":22}}},"fnMap":{"0":{"name":"(anonymous_0)","decl":{"start":{"line":10,"column":13},"end":{"line":10,"column":14}},"loc":{"start":{"line":10,"column":19},"end":{"line":81,"column":1}},"line":10},"1":{"name":"(anonymous_1)","decl":{"start":{"line":16,"column":8},"end":{"line":16,"column":9}},"loc":{"start":{"line":16,"column":14},"end":{"line":17,"column":24}},"line":16},"2":{"name":"(anonymous_2)","decl":{"start":{"line":19,"column":22},"end":{"line":19,"column":23}},"loc":{"start":{"line":19,"column":34},"end":{"line":25,"column":5}},"line":19},"3":{"name":"(anonymous_3)","decl":{"start":{"line":40,"column":26},"end":{"line":40,"column":27}},"loc":{"start":{"line":40,"column":33},"end":{"line":40,"column":65}},"line":40},"4":{"name":"(anonymous_4)","decl":{"start":{"line":41,"column":78},"end":{"line":41,"column":79}},"loc":{"start":{"line":41,"column":82},"end":{"line":45,"column":17}},"line":41},"5":{"name":"(anonymous_5)","decl":{"start":{"line":42,"column":67},"end":{"line":42,"column":68}},"loc":{"start":{"line":42,"column":75},"end":{"line":42,"column":138}},"line":42},"6":{"name":"(anonymous_6)","decl":{"start":{"line":51,"column":21},"end":{"line":51,"column":22}},"loc":{"start":{"line":51,"column":27},"end":{"line":56,"column":13}},"line":51},"7":{"name":"(anonymous_7)","decl":{"start":{"line":53,"column":20},"end":{"line":53,"column":21}},"loc":{"start":{"line":53,"column":28},"end":{"line":53,"column":50}},"line":53},"8":{"name":"(anonymous_8)","decl":{"start":{"line":62,"column":52},"end":{"line":62,"column":53}},"loc":{"start":{"line":62,"column":57},"end":{"line":62,"column":84}},"line":62},"9":{"name":"(anonymous_9)","decl":{"start":{"line":66,"column":29},"end":{"line":66,"column":30}},"loc":{"start":{"line":67,"column":15},"end":{"line":73,"column":22}},"line":67}},"branchMap":{"0":{"loc":{"start":{"line":30,"column":4},"end":{"line":33,"column":9}},"type":"if","locations":[{"start":{"line":30,"column":4},"end":{"line":33,"column":9}},{"start":{},"end":{}}],"line":30},"1":{"loc":{"start":{"line":35,"column":11},"end":{"line":80,"column":5}},"type":"cond-expr","locations":[{"start":{"line":35,"column":44},"end":{"line":35,"column":54}},{"start":{"line":36,"column":4},"end":{"line":79,"column":10}}],"line":35}},"s":{"0":1,"1":9,"2":9,"3":9,"4":9,"5":9,"6":3,"7":9,"8":3,"9":3,"10":3,"11":3,"12":3,"13":9,"14":9,"15":9,"16":0,"17":9,"18":1,"19":1,"20":8,"21":1,"22":1,"23":1,"24":8,"25":1,"26":0,"27":39},"f":{"0":9,"1":3,"2":3,"3":1,"4":1,"5":8,"6":1,"7":8,"8":0,"9":39},"b":{"0":[0,9],"1":[3,6]},"_coverageSchema":"1a1c01bbd47fc00a2c39e90264f33305004495a9","hash":"ce83ebd1e93667c0fb27dce56c469639705b2bf8"}
,"D:\\React\\sample js code\\Namaste React\\React\\React\\src\\components\\Contact.js": {"path":"D:\\React\\sample js code\\Namaste React\\React\\React\\src\\components\\Contact.js","statementMap":{"0":{"start":{"line":1,"column":16},"end":{"line":10,"column":1}},"1":{"start":{"line":2,"column":4},"end":{"line":9,"column":10}}},"fnMap":{"0":{"name":"(anonymous_0)","decl":{"start":{"line":1,"column":16},"end":{"line":1,"column":17}},"loc":{"start":{"line":1,"column":20},"end":{"line":10,"column":1}},"line":1}},"branchMap":{},"s":{"0":2,"1":4},"f":{"0":4},"b":{},"_coverageSchema":"1a1c01bbd47fc00a2c39e90264f33305004495a9","hash":"50200ce9fae71d6f35fd7ca3f17009560f52f08f"}
,"D:\\React\\sample js code\\Namaste React\\React\\React\\src\\components\\Grocery.js": {"path":"D:\\React\\sample js code\\Namaste React\\React\\React\\src\\components\\Grocery.js","statementMap":{"0":{"start":{"line":1,"column":16},"end":{"line":5,"column":1}},"1":{"start":{"line":2,"column":4},"end":{"line":2,"column":48}}},"fnMap":{"0":{"name":"(anonymous_0)","decl":{"start":{"line":1,"column":16},"end":{"line":1,"column":17}},"loc":{"start":{"line":1,"column":22},"end":{"line":5,"column":1}},"line":1}},"branchMap":{},"s":{"0":1,"1":0},"f":{"0":0},"b":{},"_coverageSchema":"1a1c01bbd47fc00a2c39e90264f33305004495a9","hash":"05d9402c5f5f6fb8367106f5d1ba74980f4175a9"}
,"D:\\React\\sample js code\\Namaste React\\React\\React\\src\\components\\Header.js": {"path":"D:\\React\\sample js code\\Namaste React\\React\\React\\src\\components\\Header.js","statementMap":{"0":{"start":{"line":9,"column":15},"end":{"line":49,"column":1}},"1":{"start":{"line":10,"column":33},"end":{"line":10,"column":50}},"2":{"start":{"line":11,"column":25},"end":{"line":11,"column":48}},"3":{"start":{"line":13,"column":25},"end":{"line":13,"column":42}},"4":{"start":{"line":14,"column":22},"end":{"line":14,"column":62}},"5":{"start":{"line":14,"column":44},"end":{"line":14,"column":60}},"6":{"start":{"line":15,"column":4},"end":{"line":15,"column":26}},"7":{"start":{"line":16,"column":4},"end":{"line":48,"column":5}},"8":{"start":{"line":42,"column":31},"end":{"line":42,"column":51}}},"fnMap":{"0":{"name":"(anonymous_0)","decl":{"start":{"line":9,"column":15},"end":{"line":9,"column":16}},"loc":{"start":{"line":9,"column":21},"end":{"line":49,"column":1}},"line":9},"1":{"name":"(anonymous_1)","decl":{"start":{"line":14,"column":34},"end":{"line":14,"column":35}},"loc":{"start":{"line":14,"column":44},"end":{"line":14,"column":60}},"line":14},"2":{"name":"(anonymous_2)","decl":{"start":{"line":42,"column":25},"end":{"line":42,"column":26}},"loc":{"start":{"line":42,"column":30},"end":{"line":42,"column":52}},"line":42}},"branchMap":{"0":{"loc":{"start":{"line":24,"column":35},"end":{"line":24,"column":60}},"type":"cond-expr","locations":[{"start":{"line":24,"column":49},"end":{"line":24,"column":53}},{"start":{"line":24,"column":56},"end":{"line":24,"column":60}}],"line":24}},"s":{"0":1,"1":4,"2":4,"3":4,"4":4,"5":7,"6":4,"7":4,"8":1},"f":{"0":4,"1":7,"2":1},"b":{"0":[4,0]},"_coverageSchema":"1a1c01bbd47fc00a2c39e90264f33305004495a9","hash":"a0c014ab3a877346b498d5fcfefaf4853d96c10f"}
,"D:\\React\\sample js code\\Namaste React\\React\\React\\src\\components\\RestoCard.js": {"path":"D:\\React\\sample js code\\Namaste React\\React\\React\\src\\components\\RestoCard.js","statementMap":{"0":{"start":{"line":3,"column":18},"end":{"line":22,"column":1}},"1":{"start":{"line":4,"column":22},"end":{"line":4,"column":27}},"2":{"start":{"line":6,"column":67},"end":{"line":6,"column":80}},"3":{"start":{"line":8,"column":4},"end":{"line":20,"column":5}},"4":{"start":{"line":24,"column":33},"end":{"line":33,"column":1}},"5":{"start":{"line":25,"column":4},"end":{"line":32,"column":5}},"6":{"start":{"line":26,"column":8},"end":{"line":31,"column":9}}},"fnMap":{"0":{"name":"(anonymous_0)","decl":{"start":{"line":3,"column":18},"end":{"line":3,"column":19}},"loc":{"start":{"line":3,"column":29},"end":{"line":22,"column":1}},"line":3},"1":{"name":"(anonymous_1)","decl":{"start":{"line":24,"column":33},"end":{"line":24,"column":34}},"loc":{"start":{"line":24,"column":48},"end":{"line":33,"column":1}},"line":24},"2":{"name":"(anonymous_2)","decl":{"start":{"line":25,"column":11},"end":{"line":25,"column":12}},"loc":{"start":{"line":25,"column":21},"end":{"line":32,"column":5}},"line":25}},"branchMap":{},"s":{"0":2,"1":40,"2":40,"3":40,"4":2,"5":9,"6":0},"f":{"0":40,"1":9,"2":0},"b":{},"_coverageSchema":"1a1c01bbd47fc00a2c39e90264f33305004495a9","hash":"dc3f05d04258093ffd6ee373b7007802d95bdf00"}
,"D:\\React\\sample js code\\Namaste React\\React\\React\\src\\components\\Shimmer.js": {"path":"D:\\React\\sample js code\\Namaste React\\React\\React\\src\\components\\Shimmer.js","statementMap":{"0":{"start":{"line":1,"column":16},"end":{"line":12,"column":1}},"1":{"start":{"line":2,"column":4},"end":{"line":11,"column":5}}},"fnMap":{"0":{"name":"(anonymous_0)","decl":{"start":{"line":1,"column":16},"end":{"line":1,"column":17}},"loc":{"start":{"line":1,"column":22},"end":{"line":12,"column":1}},"line":1}},"branchMap":{},"s":{"0":1,"1":3},"f":{"0":3},"b":{},"_coverageSchema":"1a1c01bbd47fc00a2c39e90264f33305004495a9","hash":"641678afd591874cabef623a25f95bf62975fd11"}
,"D:\\React\\sample js code\\Namaste React\\React\\React\\src\\components\\sum.js": {"path":"D:\\React\\sample js code\\Namaste React\\React\\React\\src\\components\\sum.js","statementMap":{"0":{"start":{"line":1,"column":19},"end":{"line":4,"column":1}},"1":{"start":{"line":2,"column":4},"end":{"line":2,"column":15}}},"fnMap":{"0":{"name":"(anonymous_0)","decl":{"start":{"line":1,"column":19},"end":{"line":1,"column":20}},"loc":{"start":{"line":1,"column":27},"end":{"line":4,"column":1}},"line":1}},"branchMap":{},"s":{"0":1,"1":1},"f":{"0":1},"b":{},"_coverageSchema":"1a1c01bbd47fc00a2c39e90264f33305004495a9","hash":"81cb530b84515e49b13eddbd4ee7f6f4f11c0e6f"}
,"D:\\React\\sample js code\\Namaste React\\React\\React\\src\\utils\\UserContext.js": {"path":"D:\\React\\sample js code\\Namaste React\\React\\React\\src\\utils\\UserContext.js","statementMap":{"0":{"start":{"line":3,"column":20},"end":{"line":5,"column":2}}},"fnMap":{},"branchMap":{},"s":{"0":2},"f":{},"b":{},"_coverageSchema":"1a1c01bbd47fc00a2c39e90264f33305004495a9","hash":"ad2dbdb21324e279aa77679c57198b3c587c8990"}
,"D:\\React\\sample js code\\Namaste React\\React\\React\\src\\utils\\appStore.js": {"path":"D:\\React\\sample js code\\Namaste React\\React\\React\\src\\utils\\appStore.js","statementMap":{"0":{"start":{"line":4,"column":17},"end":{"line":8,"column":2}}},"fnMap":{},"branchMap":{},"s":{"0":1},"f":{},"b":{},"_coverageSchema":"1a1c01bbd47fc00a2c39e90264f33305004495a9","hash":"e80004fc99040705a7d71623689ca47e957c7e2e"}
,"D:\\React\\sample js code\\Namaste React\\React\\React\\src\\utils\\constants.js": {"path":"D:\\React\\sample js code\\Namaste React\\React\\React\\src\\utils\\constants.js","statementMap":{"0":{"start":{"line":1,"column":23},"end":{"line":1,"column":104}},"1":{"start":{"line":3,"column":26},"end":{"line":3,"column":109}},"2":{"start":{"line":5,"column":24},"end":{"line":5,"column":147}}},"fnMap":{},"branchMap":{},"s":{"0":3,"1":3,"2":3},"f":{},"b":{},"_coverageSchema":"1a1c01bbd47fc00a2c39e90264f33305004495a9","hash":"d3b2e2cf04d7fbe308fc18f9201dab311721dc39"}
,"D:\\React\\sample js code\\Namaste React\\React\\React\\src\\utils\\createSlice.js": {"path":"D:\\React\\sample js code\\Namaste React\\React\\React\\src\\utils\\createSlice.js","statementMap":{"0":{"start":{"line":2,"column":18},"end":{"line":18,"column":2}},"1":{"start":{"line":9,"column":12},"end":{"line":9,"column":44}},"2":{"start":{"line":12,"column":12},"end":{"line":12,"column":29}},"3":{"start":{"line":15,"column":12},"end":{"line":15,"column":35}},"4":{"start":{"line":19,"column":46},"end":{"line":19,"column":63}}},"fnMap":{"0":{"name":"(anonymous_0)","decl":{"start":{"line":8,"column":16},"end":{"line":8,"column":17}},"loc":{"start":{"line":8,"column":33},"end":{"line":10,"column":9}},"line":8},"1":{"name":"(anonymous_1)","decl":{"start":{"line":11,"column":19},"end":{"line":11,"column":20}},"loc":{"start":{"line":11,"column":30},"end":{"line":13,"column":9}},"line":11},"2":{"name":"(anonymous_2)","decl":{"start":{"line":14,"column":18},"end":{"line":14,"column":19}},"loc":{"start":{"line":14,"column":28},"end":{"line":16,"column":9}},"line":14}},"branchMap":{},"s":{"0":1,"1":0,"2":0,"3":0,"4":1},"f":{"0":0,"1":0,"2":0},"b":{},"_coverageSchema":"1a1c01bbd47fc00a2c39e90264f33305004495a9","hash":"ba404330434c58a30e01c064cd72a2a929d359a3"}
,"D:\\React\\sample js code\\Namaste React\\React\\React\\src\\utils\\mockData.js": {"path":"D:\\React\\sample js code\\Namaste React\\React\\React\\src\\utils\\mockData.js","statementMap":{"0":{"start":{"line":1,"column":16},"end":{"line":295,"column":1}}},"fnMap":{},"branchMap":{},"s":{"0":1},"f":{},"b":{},"_coverageSchema":"1a1c01bbd47fc00a2c39e90264f33305004495a9","hash":"86a0c6468e42e6d1622f95f6945e51678d672796"}
,"D:\\React\\sample js code\\Namaste React\\React\\React\\src\\utils\\useOnlineStatus.js": {"path":"D:\\React\\sample js code\\Namaste React\\React\\React\\src\\utils\\useOnlineStatus.js","statementMap":{"0":{"start":{"line":5,"column":24},"end":{"line":19,"column":1}},"1":{"start":{"line":6,"column":44},"end":{"line":6,"column":58}},"2":{"start":{"line":8,"column":4},"end":{"line":15,"column":12}},"3":{"start":{"line":9,"column":8},"end":{"line":11,"column":7}},"4":{"start":{"line":10,"column":8},"end":{"line":10,"column":30}},"5":{"start":{"line":12,"column":8},"end":{"line":14,"column":6}},"6":{"start":{"line":13,"column":8},"end":{"line":13,"column":29}},"7":{"start":{"line":17,"column":4},"end":{"line":17,"column":24}}},"fnMap":{"0":{"name":"(anonymous_0)","decl":{"start":{"line":5,"column":24},"end":{"line":5,"column":25}},"loc":{"start":{"line":5,"column":29},"end":{"line":19,"column":1}},"line":5},"1":{"name":"(anonymous_1)","decl":{"start":{"line":8,"column":14},"end":{"line":8,"column":15}},"loc":{"start":{"line":8,"column":20},"end":{"line":15,"column":5}},"line":8},"2":{"name":"(anonymous_2)","decl":{"start":{"line":9,"column":42},"end":{"line":9,"column":43}},"loc":{"start":{"line":9,"column":46},"end":{"line":11,"column":5}},"line":9},"3":{"name":"(anonymous_3)","decl":{"start":{"line":12,"column":41},"end":{"line":12,"column":42}},"loc":{"start":{"line":12,"column":45},"end":{"line":14,"column":5}},"line":12}},"branchMap":{},"s":{"0":2,"1":13,"2":13,"3":6,"4":0,"5":6,"6":0,"7":13},"f":{"0":13,"1":6,"2":0,"3":0},"b":{},"_coverageSchema":"1a1c01bbd47fc00a2c39e90264f33305004495a9","hash":"0ef07690f6bf88b9f4d75aa219c3d3ad89cb2229"}
}
